mode: set
github.com/aedwa028/webby/config.go:12.50,14.16 2 0
github.com/aedwa028/webby/config.go:17.2,19.16 3 0
github.com/aedwa028/webby/config.go:14.16,16.3 1 0
github.com/aedwa028/webby/main.go:16.13,18.17 2 0
github.com/aedwa028/webby/main.go:21.2,22.16 2 0
github.com/aedwa028/webby/main.go:25.2,25.22 1 0
github.com/aedwa028/webby/main.go:28.2,32.16 4 0
github.com/aedwa028/webby/main.go:36.2,36.22 1 0
github.com/aedwa028/webby/main.go:39.2,40.17 2 0
github.com/aedwa028/webby/main.go:18.17,20.3 1 0
github.com/aedwa028/webby/main.go:22.16,24.3 1 0
github.com/aedwa028/webby/main.go:25.22,27.3 1 0
github.com/aedwa028/webby/main.go:32.16,34.3 1 0
github.com/aedwa028/webby/main.go:36.22,38.3 1 0
github.com/aedwa028/webby/main.go:44.28,45.25 1 0
github.com/aedwa028/webby/main.go:45.25,50.28 4 0
github.com/aedwa028/webby/main.go:53.3,53.27 1 0
github.com/aedwa028/webby/main.go:50.28,52.4 1 0
github.com/aedwa028/webby/service.go:45.87,50.2 1 1
github.com/aedwa028/webby/service.go:53.66,55.16 2 1
github.com/aedwa028/webby/service.go:58.2,60.18 3 1
github.com/aedwa028/webby/service.go:55.16,57.3 1 1
github.com/aedwa028/webby/service.go:63.44,64.22 1 1
github.com/aedwa028/webby/service.go:70.2,70.14 1 1
github.com/aedwa028/webby/service.go:64.22,65.15 1 1
github.com/aedwa028/webby/service.go:65.15,67.4 1 1
github.com/aedwa028/webby/service.go:73.58,75.32 2 1
github.com/aedwa028/webby/service.go:81.2,81.10 1 1
github.com/aedwa028/webby/service.go:75.32,76.70 1 1
github.com/aedwa028/webby/service.go:76.70,78.4 1 1
github.com/aedwa028/webby/service.go:91.42,93.32 2 1
github.com/aedwa028/webby/service.go:113.2,113.13 1 1
github.com/aedwa028/webby/service.go:93.32,95.35 2 1
github.com/aedwa028/webby/service.go:103.3,103.21 1 1
github.com/aedwa028/webby/service.go:107.3,107.36 1 1
github.com/aedwa028/webby/service.go:110.3,110.27 1 1
github.com/aedwa028/webby/service.go:95.35,97.18 2 1
github.com/aedwa028/webby/service.go:97.18,99.5 1 1
github.com/aedwa028/webby/service.go:100.9,100.37 1 1
github.com/aedwa028/webby/service.go:100.37,102.4 1 1
github.com/aedwa028/webby/service.go:103.21,105.4 1 1
github.com/aedwa028/webby/service.go:107.36,109.4 1 1
github.com/aedwa028/webby/sling.go:12.67,16.2 1 0
github.com/aedwa028/webby/sling.go:18.69,22.2 3 0
